20170904-185932 :: Started Training of VAE_MNIST at 2017-09-04_18:59:32
20170904-185932 :: 
Training Hyperparamters: batch_size= 128, base_lr= 1.0e-03, epochs= 100, latentD= 2

20170904-185937 :: Total Trainable Variables Count in Encoder 0.158 M and in Decoder: 1.116 M.
20170904-185941 :: Epoch    0, Iteration #   0, testing. Test Loss [total| rec| KL] = [inf | 315.91031 | inf]
20170904-185941 :: Epoch    0, Iteration #   0, Train Loss [total| rec| KL] = [186.72717 | 184.98100 | 1.74617]
20170904-185958 :: Epoch    0, Iteration # 429, testing. Test Loss [total| rec| KL] = [40.77380 | 39.42733 | 1.34648]
20170904-185958 :: ### Best Test Results Yet. Test Loss [total| rec| KL] = [40.77380 | 39.42733 | 1.34648]
20170904-190018 :: Epoch    1, Iteration # 858, testing. Test Loss [total| rec| KL] = [40.08272 | 38.80866 | 1.27406]
20170904-190018 :: ### Best Test Results Yet. Test Loss [total| rec| KL] = [40.08272 | 38.80866 | 1.27406]
20170904-190020 :: Epoch    1, Iteration # 858, Train Loss [total| rec| KL] = [38.95987 | 37.66528 | 1.29459]
20170904-190037 :: Epoch    2, Iteration #1287, testing. Test Loss [total| rec| KL] = [41.80670 | 40.71877 | 1.08793]
20170904-190053 :: Epoch    3, Iteration #1716, testing. Test Loss [total| rec| KL] = [38.09357 | 37.01610 | 1.07747]
20170904-190053 :: ### Best Test Results Yet. Test Loss [total| rec| KL] = [38.09357 | 37.01610 | 1.07747]
20170904-190056 :: Epoch    3, Iteration #1716, Train Loss [total| rec| KL] = [38.36851 | 37.18047 | 1.18805]
20170904-190113 :: Epoch    4, Iteration #2145, testing. Test Loss [total| rec| KL] = [38.94224 | 37.90864 | 1.03360]
20170904-190129 :: Epoch    5, Iteration #2574, testing. Test Loss [total| rec| KL] = [36.09225 | 35.12524 | 0.96701]
20170904-190129 :: ### Best Test Results Yet. Test Loss [total| rec| KL] = [36.09225 | 35.12524 | 0.96701]
20170904-190132 :: Epoch    5, Iteration #2574, Train Loss [total| rec| KL] = [36.96071 | 36.01445 | 0.94626]
20170904-190148 :: Epoch    6, Iteration #3003, testing. Test Loss [total| rec| KL] = [38.80920 | 37.91210 | 0.89710]
20170904-190205 :: Epoch    7, Iteration #3432, testing. Test Loss [total| rec| KL] = [35.91174 | 35.06312 | 0.84862]
20170904-190205 :: ### Best Test Results Yet. Test Loss [total| rec| KL] = [35.91174 | 35.06312 | 0.84862]
20170904-190207 :: Epoch    7, Iteration #3432, Train Loss [total| rec| KL] = [35.12980 | 34.36816 | 0.76164]
20170904-190224 :: Epoch    8, Iteration #3861, testing. Test Loss [total| rec| KL] = [36.30189 | 35.63679 | 0.66510]
20170904-190240 :: Epoch    9, Iteration #4290, testing. Test Loss [total| rec| KL] = [36.33186 | 35.69591 | 0.63596]
20170904-190241 :: Epoch    9, Iteration #4290, Train Loss [total| rec| KL] = [37.19649 | 36.48110 | 0.71539]
20170904-190257 :: Epoch   10, Iteration #4719, testing. Test Loss [total| rec| KL] = [34.40072 | 33.87669 | 0.52403]
20170904-190257 :: ### Best Test Results Yet. Test Loss [total| rec| KL] = [34.40072 | 33.87669 | 0.52403]
20170904-190316 :: Epoch   11, Iteration #5148, testing. Test Loss [total| rec| KL] = [33.77005 | 33.32328 | 0.44677]
20170904-190316 :: ### Best Test Results Yet. Test Loss [total| rec| KL] = [33.77005 | 33.32328 | 0.44677]
20170904-190319 :: Epoch   11, Iteration #5148, Train Loss [total| rec| KL] = [33.79667 | 33.40229 | 0.39438]
20170904-190335 :: Epoch   12, Iteration #5577, testing. Test Loss [total| rec| KL] = [34.34166 | 33.89937 | 0.44229]
20170904-190352 :: Epoch   13, Iteration #6006, testing. Test Loss [total| rec| KL] = [33.21239 | 32.86033 | 0.35205]
20170904-190352 :: ### Best Test Results Yet. Test Loss [total| rec| KL] = [33.21239 | 32.86033 | 0.35205]
20170904-190354 :: Epoch   13, Iteration #6006, Train Loss [total| rec| KL] = [33.40734 | 33.08173 | 0.32561]
20170904-190410 :: Epoch   14, Iteration #6435, testing. Test Loss [total| rec| KL] = [32.79628 | 32.47328 | 0.32300]
20170904-190410 :: ### Best Test Results Yet. Test Loss [total| rec| KL] = [32.79628 | 32.47328 | 0.32300]
20170904-190430 :: Epoch   15, Iteration #6864, testing. Test Loss [total| rec| KL] = [32.99010 | 32.72497 | 0.26513]
20170904-190430 :: Epoch   15, Iteration #6864, Train Loss [total| rec| KL] = [34.40386 | 34.12002 | 0.28384]
20170904-190446 :: Epoch   16, Iteration #7293, testing. Test Loss [total| rec| KL] = [32.36792 | 32.10324 | 0.26467]
20170904-190446 :: ### Best Test Results Yet. Test Loss [total| rec| KL] = [32.36792 | 32.10324 | 0.26467]
20170904-190505 :: Epoch   17, Iteration #7722, testing. Test Loss [total| rec| KL] = [32.36266 | 32.14502 | 0.21763]
20170904-190505 :: ### Best Test Results Yet. Test Loss [total| rec| KL] = [32.36266 | 32.14502 | 0.21763]
20170904-190507 :: Epoch   17, Iteration #7722, Train Loss [total| rec| KL] = [31.73736 | 31.52778 | 0.20958]
20170904-190524 :: Epoch   18, Iteration #8151, testing. Test Loss [total| rec| KL] = [32.32665 | 32.13085 | 0.19580]
20170904-190524 :: ### Best Test Results Yet. Test Loss [total| rec| KL] = [32.32665 | 32.13085 | 0.19580]
20170904-190543 :: Epoch   19, Iteration #8580, testing. Test Loss [total| rec| KL] = [31.95991 | 31.77794 | 0.18197]
20170904-190543 :: ### Best Test Results Yet. Test Loss [total| rec| KL] = [31.95991 | 31.77794 | 0.18197]
20170904-190545 :: Epoch   19, Iteration #8580, Train Loss [total| rec| KL] = [34.41948 | 34.18458 | 0.23489]
20170904-190602 :: Epoch   20, Iteration #9009, testing. Test Loss [total| rec| KL] = [32.15207 | 31.97214 | 0.17994]
20170904-190618 :: Epoch   21, Iteration #9438, testing. Test Loss [total| rec| KL] = [31.72011 | 31.55918 | 0.16093]
20170904-190618 :: ### Best Test Results Yet. Test Loss [total| rec| KL] = [31.72011 | 31.55918 | 0.16093]
20170904-190621 :: Epoch   21, Iteration #9438, Train Loss [total| rec| KL] = [34.89521 | 34.73664 | 0.15857]
20170904-190637 :: Epoch   22, Iteration #9867, testing. Test Loss [total| rec| KL] = [32.20254 | 32.04654 | 0.15600]
20170904-190653 :: Epoch   23, Iteration #10296, testing. Test Loss [total| rec| KL] = [31.49959 | 31.33619 | 0.16341]
20170904-190653 :: ### Best Test Results Yet. Test Loss [total| rec| KL] = [31.49959 | 31.33619 | 0.16341]
20170904-190656 :: Epoch   23, Iteration #10296, Train Loss [total| rec| KL] = [34.52456 | 34.33275 | 0.19181]
20170904-190712 :: Epoch   24, Iteration #10725, testing. Test Loss [total| rec| KL] = [31.81321 | 31.64477 | 0.16845]
20170904-190729 :: Epoch   25, Iteration #11154, testing. Test Loss [total| rec| KL] = [31.68157 | 31.54413 | 0.13744]
20170904-190729 :: Epoch   25, Iteration #11154, Train Loss [total| rec| KL] = [31.32048 | 31.16944 | 0.15104]
20170904-190745 :: Epoch   26, Iteration #11583, testing. Test Loss [total| rec| KL] = [31.78175 | 31.63703 | 0.14473]
20170904-190801 :: Epoch   27, Iteration #12012, testing. Test Loss [total| rec| KL] = [31.46409 | 31.31685 | 0.14723]
20170904-190801 :: ### Best Test Results Yet. Test Loss [total| rec| KL] = [31.46409 | 31.31685 | 0.14723]
20170904-190804 :: Epoch   27, Iteration #12012, Train Loss [total| rec| KL] = [33.29712 | 33.13071 | 0.16641]
20170904-190820 :: Epoch   28, Iteration #12441, testing. Test Loss [total| rec| KL] = [31.47122 | 31.33073 | 0.14049]
20170904-190837 :: Epoch   29, Iteration #12870, testing. Test Loss [total| rec| KL] = [31.71154 | 31.57476 | 0.13677]
20170904-190837 :: Epoch   29, Iteration #12870, Train Loss [total| rec| KL] = [33.32985 | 33.19088 | 0.13897]
20170904-190853 :: Epoch   30, Iteration #13299, testing. Test Loss [total| rec| KL] = [31.36845 | 31.22171 | 0.14674]
20170904-190853 :: ### Best Test Results Yet. Test Loss [total| rec| KL] = [31.36845 | 31.22171 | 0.14674]
20170904-190912 :: Epoch   31, Iteration #13728, testing. Test Loss [total| rec| KL] = [31.33214 | 31.19284 | 0.13930]
20170904-190912 :: ### Best Test Results Yet. Test Loss [total| rec| KL] = [31.33214 | 31.19284 | 0.13930]
20170904-190915 :: Epoch   31, Iteration #13728, Train Loss [total| rec| KL] = [34.48043 | 34.33410 | 0.14633]
20170904-190931 :: Epoch   32, Iteration #14157, testing. Test Loss [total| rec| KL] = [31.52558 | 31.37412 | 0.15145]
20170904-190947 :: Epoch   33, Iteration #14586, testing. Test Loss [total| rec| KL] = [31.56788 | 31.42494 | 0.14294]
20170904-190947 :: Epoch   33, Iteration #14586, Train Loss [total| rec| KL] = [32.94043 | 32.78685 | 0.15358]
20170904-191003 :: Epoch   34, Iteration #15015, testing. Test Loss [total| rec| KL] = [31.33562 | 31.20184 | 0.13377]
20170904-191020 :: Epoch   35, Iteration #15444, testing. Test Loss [total| rec| KL] = [31.19589 | 31.06828 | 0.12761]
20170904-191020 :: ### Best Test Results Yet. Test Loss [total| rec| KL] = [31.19589 | 31.06828 | 0.12761]
20170904-191022 :: Epoch   35, Iteration #15444, Train Loss [total| rec| KL] = [31.58752 | 31.45455 | 0.13297]
20170904-191039 :: Epoch   36, Iteration #15873, testing. Test Loss [total| rec| KL] = [31.24200 | 31.10577 | 0.13623]
20170904-191055 :: Epoch   37, Iteration #16302, testing. Test Loss [total| rec| KL] = [31.42734 | 31.28291 | 0.14443]
20170904-191055 :: Epoch   37, Iteration #16302, Train Loss [total| rec| KL] = [33.21973 | 33.07018 | 0.14955]
20170904-191111 :: Epoch   38, Iteration #16731, testing. Test Loss [total| rec| KL] = [31.11040 | 30.97301 | 0.13739]
20170904-191111 :: ### Best Test Results Yet. Test Loss [total| rec| KL] = [31.11040 | 30.97301 | 0.13739]
20170904-191130 :: Epoch   39, Iteration #17160, testing. Test Loss [total| rec| KL] = [31.20444 | 31.06289 | 0.14155]
20170904-191130 :: Epoch   39, Iteration #17160, Train Loss [total| rec| KL] = [29.44936 | 29.31213 | 0.13723]
20170904-191146 :: Epoch   40, Iteration #17589, testing. Test Loss [total| rec| KL] = [31.03968 | 30.89134 | 0.14834]
20170904-191146 :: ### Best Test Results Yet. Test Loss [total| rec| KL] = [31.03968 | 30.89134 | 0.14834]
20170904-191205 :: Epoch   41, Iteration #18018, testing. Test Loss [total| rec| KL] = [31.12484 | 30.98973 | 0.13511]
20170904-191205 :: Epoch   41, Iteration #18018, Train Loss [total| rec| KL] = [31.76741 | 31.59461 | 0.17281]
20170904-191222 :: Epoch   42, Iteration #18447, testing. Test Loss [total| rec| KL] = [31.29920 | 31.15905 | 0.14015]
20170904-191238 :: Epoch   43, Iteration #18876, testing. Test Loss [total| rec| KL] = [31.04594 | 30.91609 | 0.12985]
20170904-191238 :: Epoch   43, Iteration #18876, Train Loss [total| rec| KL] = [34.85616 | 34.70792 | 0.14824]
20170904-191254 :: Epoch   44, Iteration #19305, testing. Test Loss [total| rec| KL] = [31.12159 | 30.98278 | 0.13881]
20170904-191311 :: Epoch   45, Iteration #19734, testing. Test Loss [total| rec| KL] = [31.00205 | 30.86533 | 0.13672]
20170904-191311 :: ### Best Test Results Yet. Test Loss [total| rec| KL] = [31.00205 | 30.86533 | 0.13672]
20170904-191313 :: Epoch   45, Iteration #19734, Train Loss [total| rec| KL] = [31.61368 | 31.48059 | 0.13308]
20170904-191330 :: Epoch   46, Iteration #20163, testing. Test Loss [total| rec| KL] = [31.23847 | 31.11167 | 0.12680]
20170904-191346 :: Epoch   47, Iteration #20592, testing. Test Loss [total| rec| KL] = [30.83140 | 30.70756 | 0.12384]
20170904-191346 :: ### Best Test Results Yet. Test Loss [total| rec| KL] = [30.83140 | 30.70756 | 0.12384]
20170904-191349 :: Epoch   47, Iteration #20592, Train Loss [total| rec| KL] = [32.40405 | 32.28280 | 0.12125]
20170904-191405 :: Epoch   48, Iteration #21021, testing. Test Loss [total| rec| KL] = [31.23907 | 31.11174 | 0.12733]
20170904-191421 :: Epoch   49, Iteration #21450, testing. Test Loss [total| rec| KL] = [31.02574 | 30.90379 | 0.12195]
20170904-191421 :: Epoch   49, Iteration #21450, Train Loss [total| rec| KL] = [29.79181 | 29.66516 | 0.12665]
20170904-191438 :: Epoch   50, Iteration #21879, testing. Test Loss [total| rec| KL] = [31.11788 | 30.98934 | 0.12854]
20170904-191454 :: Epoch   51, Iteration #22308, testing. Test Loss [total| rec| KL] = [30.92575 | 30.80340 | 0.12236]
20170904-191454 :: Epoch   51, Iteration #22308, Train Loss [total| rec| KL] = [29.51159 | 29.39555 | 0.11605]
20170904-191510 :: Epoch   52, Iteration #22737, testing. Test Loss [total| rec| KL] = [31.13155 | 30.99848 | 0.13307]
20170904-191527 :: Epoch   53, Iteration #23166, testing. Test Loss [total| rec| KL] = [30.92428 | 30.79068 | 0.13360]
20170904-191527 :: Epoch   53, Iteration #23166, Train Loss [total| rec| KL] = [30.29056 | 30.17531 | 0.11525]
20170904-191543 :: Epoch   54, Iteration #23595, testing. Test Loss [total| rec| KL] = [31.03820 | 30.90221 | 0.13598]
20170904-191600 :: Epoch   55, Iteration #24024, testing. Test Loss [total| rec| KL] = [30.90651 | 30.78264 | 0.12386]
20170904-191600 :: Epoch   55, Iteration #24024, Train Loss [total| rec| KL] = [30.73494 | 30.63398 | 0.10096]
20170904-191617 :: Epoch   56, Iteration #24453, testing. Test Loss [total| rec| KL] = [31.07447 | 30.94120 | 0.13327]
20170904-191634 :: Epoch   57, Iteration #24882, testing. Test Loss [total| rec| KL] = [31.02749 | 30.90287 | 0.12462]
20170904-191634 :: Epoch   57, Iteration #24882, Train Loss [total| rec| KL] = [30.30653 | 30.16321 | 0.14332]
20170904-191651 :: Epoch   58, Iteration #25311, testing. Test Loss [total| rec| KL] = [31.10268 | 30.96975 | 0.13293]
20170904-191707 :: Epoch   59, Iteration #25740, testing. Test Loss [total| rec| KL] = [31.04394 | 30.91362 | 0.13032]
20170904-191707 :: Epoch   59, Iteration #25740, Train Loss [total| rec| KL] = [31.83225 | 31.71668 | 0.11557]
20170904-191724 :: Epoch   60, Iteration #26169, testing. Test Loss [total| rec| KL] = [30.88647 | 30.76288 | 0.12359]
20170904-191740 :: Epoch   61, Iteration #26598, testing. Test Loss [total| rec| KL] = [31.37816 | 31.24180 | 0.13636]
20170904-191740 :: Epoch   61, Iteration #26598, Train Loss [total| rec| KL] = [30.51506 | 30.39161 | 0.12346]
20170904-191757 :: Epoch   62, Iteration #27027, testing. Test Loss [total| rec| KL] = [31.04699 | 30.91957 | 0.12742]
20170904-191813 :: Epoch   63, Iteration #27456, testing. Test Loss [total| rec| KL] = [30.82681 | 30.68950 | 0.13731]
20170904-191813 :: ### Best Test Results Yet. Test Loss [total| rec| KL] = [30.82681 | 30.68950 | 0.13731]
20170904-191816 :: Epoch   63, Iteration #27456, Train Loss [total| rec| KL] = [34.09251 | 33.99125 | 0.10126]
20170904-191832 :: Epoch   64, Iteration #27885, testing. Test Loss [total| rec| KL] = [31.02304 | 30.89542 | 0.12761]
20170904-191849 :: Epoch   65, Iteration #28314, testing. Test Loss [total| rec| KL] = [31.27420 | 31.13962 | 0.13457]
20170904-191849 :: Epoch   65, Iteration #28314, Train Loss [total| rec| KL] = [28.40326 | 28.27043 | 0.13284]
20170904-191905 :: Epoch   66, Iteration #28743, testing. Test Loss [total| rec| KL] = [31.14263 | 31.00575 | 0.13688]
20170904-191922 :: Epoch   67, Iteration #29172, testing. Test Loss [total| rec| KL] = [30.78774 | 30.65722 | 0.13052]
20170904-191922 :: ### Best Test Results Yet. Test Loss [total| rec| KL] = [30.78774 | 30.65722 | 0.13052]
20170904-191925 :: Epoch   67, Iteration #29172, Train Loss [total| rec| KL] = [29.70762 | 29.57905 | 0.12857]
20170904-191941 :: Epoch   68, Iteration #29601, testing. Test Loss [total| rec| KL] = [31.08860 | 30.95357 | 0.13504]
20170904-191957 :: Epoch   69, Iteration #30030, testing. Test Loss [total| rec| KL] = [30.81175 | 30.68048 | 0.13128]
20170904-191957 :: Epoch   69, Iteration #30030, Train Loss [total| rec| KL] = [31.62864 | 31.49005 | 0.13860]
20170904-192014 :: Epoch   70, Iteration #30459, testing. Test Loss [total| rec| KL] = [30.96030 | 30.82229 | 0.13800]
20170904-192030 :: Epoch   71, Iteration #30888, testing. Test Loss [total| rec| KL] = [31.21212 | 31.07620 | 0.13593]
20170904-192030 :: Epoch   71, Iteration #30888, Train Loss [total| rec| KL] = [30.51115 | 30.34487 | 0.16628]
20170904-192047 :: Epoch   72, Iteration #31317, testing. Test Loss [total| rec| KL] = [30.88471 | 30.74984 | 0.13487]
20170904-192103 :: Epoch   73, Iteration #31746, testing. Test Loss [total| rec| KL] = [30.92823 | 30.79861 | 0.12962]
20170904-192103 :: Epoch   73, Iteration #31746, Train Loss [total| rec| KL] = [31.44643 | 31.30567 | 0.14077]
20170904-192120 :: Epoch   74, Iteration #32175, testing. Test Loss [total| rec| KL] = [30.96018 | 30.82765 | 0.13253]
20170904-192136 :: Epoch   75, Iteration #32604, testing. Test Loss [total| rec| KL] = [30.94553 | 30.81918 | 0.12634]
20170904-192136 :: Epoch   75, Iteration #32604, Train Loss [total| rec| KL] = [30.63768 | 30.49765 | 0.14004]
20170904-192153 :: Epoch   76, Iteration #33033, testing. Test Loss [total| rec| KL] = [30.81452 | 30.68261 | 0.13190]
20170904-192209 :: Epoch   77, Iteration #33462, testing. Test Loss [total| rec| KL] = [31.30117 | 31.16720 | 0.13398]
20170904-192209 :: Epoch   77, Iteration #33462, Train Loss [total| rec| KL] = [30.70292 | 30.55997 | 0.14296]
20170904-192226 :: Epoch   78, Iteration #33891, testing. Test Loss [total| rec| KL] = [30.85550 | 30.73002 | 0.12548]
20170904-192242 :: Epoch   79, Iteration #34320, testing. Test Loss [total| rec| KL] = [30.96441 | 30.83346 | 0.13095]
20170904-192242 :: Epoch   79, Iteration #34320, Train Loss [total| rec| KL] = [31.58534 | 31.47390 | 0.11144]
20170904-192259 :: Epoch   80, Iteration #34749, testing. Test Loss [total| rec| KL] = [30.78099 | 30.65153 | 0.12945]
20170904-192259 :: ### Best Test Results Yet. Test Loss [total| rec| KL] = [30.78099 | 30.65153 | 0.12945]
20170904-192318 :: Epoch   81, Iteration #35178, testing. Test Loss [total| rec| KL] = [30.82580 | 30.68956 | 0.13624]
20170904-192318 :: Epoch   81, Iteration #35178, Train Loss [total| rec| KL] = [33.67172 | 33.56165 | 0.11007]
20170904-192334 :: Epoch   82, Iteration #35607, testing. Test Loss [total| rec| KL] = [30.91396 | 30.77867 | 0.13529]
20170904-192351 :: Epoch   83, Iteration #36036, testing. Test Loss [total| rec| KL] = [30.93586 | 30.80469 | 0.13118]
20170904-192351 :: Epoch   83, Iteration #36036, Train Loss [total| rec| KL] = [30.48274 | 30.35265 | 0.13009]
20170904-192407 :: Epoch   84, Iteration #36465, testing. Test Loss [total| rec| KL] = [30.93261 | 30.79589 | 0.13672]
20170904-192424 :: Epoch   85, Iteration #36894, testing. Test Loss [total| rec| KL] = [30.93633 | 30.80455 | 0.13179]
20170904-192424 :: Epoch   85, Iteration #36894, Train Loss [total| rec| KL] = [31.98576 | 31.84478 | 0.14098]
20170904-192440 :: Epoch   86, Iteration #37323, testing. Test Loss [total| rec| KL] = [30.97715 | 30.85026 | 0.12688]
20170904-192456 :: Epoch   87, Iteration #37752, testing. Test Loss [total| rec| KL] = [30.83862 | 30.71066 | 0.12795]
20170904-192456 :: Epoch   87, Iteration #37752, Train Loss [total| rec| KL] = [37.79457 | 37.62761 | 0.16696]
20170904-192513 :: Epoch   88, Iteration #38181, testing. Test Loss [total| rec| KL] = [30.87843 | 30.75364 | 0.12478]
20170904-192529 :: Epoch   89, Iteration #38610, testing. Test Loss [total| rec| KL] = [30.88810 | 30.75561 | 0.13248]
20170904-192529 :: Epoch   89, Iteration #38610, Train Loss [total| rec| KL] = [30.52718 | 30.39217 | 0.13501]
20170904-192546 :: Epoch   90, Iteration #39039, testing. Test Loss [total| rec| KL] = [30.87913 | 30.75530 | 0.12383]
20170904-192602 :: Epoch   91, Iteration #39468, testing. Test Loss [total| rec| KL] = [31.04794 | 30.90667 | 0.14127]
20170904-192602 :: Epoch   91, Iteration #39468, Train Loss [total| rec| KL] = [35.25372 | 35.09019 | 0.16352]
20170904-192619 :: Epoch   92, Iteration #39897, testing. Test Loss [total| rec| KL] = [30.95731 | 30.82707 | 0.13024]
20170904-192635 :: Epoch   93, Iteration #40326, testing. Test Loss [total| rec| KL] = [30.90252 | 30.77120 | 0.13133]
20170904-192635 :: Epoch   93, Iteration #40326, Train Loss [total| rec| KL] = [33.07148 | 32.93783 | 0.13365]
20170904-192652 :: Epoch   94, Iteration #40755, testing. Test Loss [total| rec| KL] = [30.89303 | 30.77219 | 0.12084]
20170904-192708 :: Epoch   95, Iteration #41184, testing. Test Loss [total| rec| KL] = [31.01912 | 30.88049 | 0.13862]
20170904-192708 :: Epoch   95, Iteration #41184, Train Loss [total| rec| KL] = [32.68318 | 32.51969 | 0.16349]
20170904-192725 :: Epoch   96, Iteration #41613, testing. Test Loss [total| rec| KL] = [30.92258 | 30.79611 | 0.12647]
20170904-192741 :: Epoch   97, Iteration #42042, testing. Test Loss [total| rec| KL] = [31.12931 | 30.99041 | 0.13890]
20170904-192741 :: Epoch   97, Iteration #42042, Train Loss [total| rec| KL] = [32.14915 | 32.01003 | 0.13913]
20170904-192757 :: Epoch   98, Iteration #42471, testing. Test Loss [total| rec| KL] = [30.80454 | 30.67715 | 0.12739]
20170904-192814 :: Epoch   99, Iteration #42900, testing. Test Loss [total| rec| KL] = [31.00143 | 30.86263 | 0.13880]
20170904-192814 :: Epoch   99, Iteration #42900, Train Loss [total| rec| KL] = [30.73310 | 30.61578 | 0.11732]
20170904-192817 :: Finished Training of VAE_MNIST at 2017-09-04_19:28:17
20170904-192817 :: Training done in 0:28:45 ! Best Test Loss [total| rec| KL] = [30.78099 | 30.65153 | 0.12945]
